[debug] [2018-04-07T22:20:05.286Z] ----------------------------------------------------------------------
[debug] [2018-04-07T22:20:05.293Z] Command:       /usr/local/bin/node /home/oczane/.npm-global/bin/firebase serve
[debug] [2018-04-07T22:20:05.293Z] CLI Version:   3.18.2
[debug] [2018-04-07T22:20:05.293Z] Platform:      linux
[debug] [2018-04-07T22:20:05.293Z] Node Version:  v8.9.0
[debug] [2018-04-07T22:20:05.294Z] Time:          Sat Apr 07 2018 18:20:05 GMT-0400 (EDT)
[debug] [2018-04-07T22:20:05.294Z] ----------------------------------------------------------------------
[debug] 
[debug] [2018-04-07T22:20:05.322Z] > command requires scopes: ["email","openid","https://www.googleapis.com/auth/cloudplatformprojects.readonly","https://www.googleapis.com/auth/firebase","https://www.googleapis.com/auth/cloud-platform"]
[debug] [2018-04-07T22:20:05.322Z] > authorizing via signed-in user
[debug] [2018-04-07T22:20:05.328Z] >>> HTTP REQUEST GET https://admin.firebase.com/v1/projects/tennisforwomen  
  
 Sat Apr 07 2018 18:20:05 GMT-0400 (EDT)
[debug] [2018-04-07T22:20:05.866Z] <<< HTTP RESPONSE 200
[debug] [2018-04-07T22:20:05.872Z] >>> HTTP REQUEST GET https://admin.firebase.com/v1/database/tennisforwomen/tokens  
  
 Sat Apr 07 2018 18:20:05 GMT-0400 (EDT)
[debug] [2018-04-07T22:20:06.301Z] <<< HTTP RESPONSE 200
[debug] [2018-04-07T22:20:06.302Z] >>> HTTP REQUEST GET https://cloudresourcemanager.googleapis.com/v1/projects/tennisforwomen  
  
 Sat Apr 07 2018 18:20:06 GMT-0400 (EDT)
[debug] [2018-04-07T22:20:06.759Z] <<< HTTP RESPONSE 200
[info] 
[info] === Serving from '/home/oczane/Documents/TennisForWomen/online-register'...
[info] 
[debug] [2018-04-07T22:20:06.760Z] >>> HTTP REQUEST GET https://mobilesdk-pa.googleapis.com/v1/projects/643312473647/clients/_:getWebAppConfig  
  
 Sat Apr 07 2018 18:20:06 GMT-0400 (EDT)
[debug] [2018-04-07T22:20:07.329Z] <<< HTTP RESPONSE 200
[info] i  hosting: Serving hosting files from: public
[info] ✔  hosting: Local server: http://localhost:5000

